[0.891s] Invoking command in '/home/agilex/agilex_ws/src/tcp_communications_pkg': PYTHONPATH=/home/agilex/agilex_ws/src/tcp_communications_pkg/build/tcp_communications_pkg/prefix_override:/home/agilex/agilex_ws/src/tcp_communications_pkg/install/tcp_communications_pkg/lib/python3.8/site-packages:${PYTHONPATH} /usr/bin/python3 setup.py egg_info --egg-base build/tcp_communications_pkg build --build-base /home/agilex/agilex_ws/src/tcp_communications_pkg/build/tcp_communications_pkg/build install --record /home/agilex/agilex_ws/src/tcp_communications_pkg/build/tcp_communications_pkg/install.log --install-scripts $base/lib/tcp_communications_pkg --single-version-externally-managed
[1.442s] running egg_info
[1.444s] writing build/tcp_communications_pkg/tcp_communications_pkg.egg-info/PKG-INFO
[1.445s] writing dependency_links to build/tcp_communications_pkg/tcp_communications_pkg.egg-info/dependency_links.txt
[1.445s] writing entry points to build/tcp_communications_pkg/tcp_communications_pkg.egg-info/entry_points.txt
[1.445s] writing requirements to build/tcp_communications_pkg/tcp_communications_pkg.egg-info/requires.txt
[1.445s] writing top-level names to build/tcp_communications_pkg/tcp_communications_pkg.egg-info/top_level.txt
[1.531s] reading manifest file 'build/tcp_communications_pkg/tcp_communications_pkg.egg-info/SOURCES.txt'
[1.534s] writing manifest file 'build/tcp_communications_pkg/tcp_communications_pkg.egg-info/SOURCES.txt'
[1.535s] running build
[1.535s] running build_py
[1.536s] running install
[1.538s] running install_lib
[1.541s] running install_data
[1.542s] running install_egg_info
[1.545s] removing '/home/agilex/agilex_ws/src/tcp_communications_pkg/install/tcp_communications_pkg/lib/python3.8/site-packages/tcp_communications_pkg-0.0.0-py3.8.egg-info' (and everything under it)
[1.546s] Copying build/tcp_communications_pkg/tcp_communications_pkg.egg-info to /home/agilex/agilex_ws/src/tcp_communications_pkg/install/tcp_communications_pkg/lib/python3.8/site-packages/tcp_communications_pkg-0.0.0-py3.8.egg-info
[1.547s] running install_scripts
[1.584s] Installing client_node script to /home/agilex/agilex_ws/src/tcp_communications_pkg/install/tcp_communications_pkg/lib/tcp_communications_pkg
[1.584s] Installing server_node script to /home/agilex/agilex_ws/src/tcp_communications_pkg/install/tcp_communications_pkg/lib/tcp_communications_pkg
[1.585s] writing list of installed files to '/home/agilex/agilex_ws/src/tcp_communications_pkg/build/tcp_communications_pkg/install.log'
[1.649s] Invoked command in '/home/agilex/agilex_ws/src/tcp_communications_pkg' returned '0': PYTHONPATH=/home/agilex/agilex_ws/src/tcp_communications_pkg/build/tcp_communications_pkg/prefix_override:/home/agilex/agilex_ws/src/tcp_communications_pkg/install/tcp_communications_pkg/lib/python3.8/site-packages:${PYTHONPATH} /usr/bin/python3 setup.py egg_info --egg-base build/tcp_communications_pkg build --build-base /home/agilex/agilex_ws/src/tcp_communications_pkg/build/tcp_communications_pkg/build install --record /home/agilex/agilex_ws/src/tcp_communications_pkg/build/tcp_communications_pkg/install.log --install-scripts $base/lib/tcp_communications_pkg --single-version-externally-managed
