[0.403s] DEBUG:colcon:Command line arguments: ['/usr/bin/colcon', 'build']
[0.404s] DEBUG:colcon:Parsed command line arguments: Namespace(allow_overriding=[], ament_cmake_args=None, base_paths=['.'], build_base='build', catkin_cmake_args=None, catkin_skip_building_tests=False, cmake_args=None, cmake_clean_cache=False, cmake_clean_first=False, cmake_force_configure=False, cmake_target=None, cmake_target_skip_unavailable=False, continue_on_error=False, event_handlers=None, executor='parallel', ignore_user_meta=False, install_base='install', log_base=None, log_level=None, main=<bound method BuildVerb.main of <colcon_core.verb.build.BuildVerb object at 0x7fe3a802ba00>>, merge_install=False, metas=['./colcon.meta'], packages_above=None, packages_above_and_dependencies=None, packages_above_depth=None, packages_end=None, packages_ignore=None, packages_ignore_regex=None, packages_select=None, packages_select_build_failed=False, packages_select_by_dep=None, packages_select_regex=None, packages_select_test_failures=False, packages_skip=None, packages_skip_build_finished=False, packages_skip_by_dep=None, packages_skip_regex=None, packages_skip_test_passed=False, packages_skip_up_to=None, packages_start=None, packages_up_to=None, packages_up_to_regex=None, parallel_workers=8, paths=None, symlink_install=False, test_result_base=None, verb_extension=<colcon_core.verb.build.BuildVerb object at 0x7fe3a802ba00>, verb_name='build', verb_parser=<colcon_defaults.argument_parser.defaults.DefaultArgumentsDecorator object at 0x7fe3a802bf70>)
[0.443s] Level 1:colcon.colcon_core.package_discovery:discover_packages(colcon_meta) check parameters
[0.443s] Level 1:colcon.colcon_core.package_discovery:discover_packages(recursive) check parameters
[0.443s] Level 1:colcon.colcon_core.package_discovery:discover_packages(ignore) check parameters
[0.443s] Level 1:colcon.colcon_core.package_discovery:discover_packages(path) check parameters
[0.443s] Level 1:colcon.colcon_core.package_discovery:discover_packages(colcon_meta) discover
[0.443s] Level 1:colcon.colcon_core.package_discovery:discover_packages(recursive) discover
[0.443s] INFO:colcon.colcon_core.package_discovery:Crawling recursively for packages in '/home/agilex/agilex_ws/src/tcp_communications_pkg'
[0.443s] Level 1:colcon.colcon_core.package_identification:_identify(.) by extensions ['ignore', 'ignore_ament_install']
[0.443s] Level 1:colcon.colcon_core.package_identification:_identify(.) by extension 'ignore'
[0.443s] Level 1:colcon.colcon_core.package_identification:_identify(.) by extension 'ignore_ament_install'
[0.444s] Level 1:colcon.colcon_core.package_identification:_identify(.) by extensions ['colcon_pkg']
[0.444s] Level 1:colcon.colcon_core.package_identification:_identify(.) by extension 'colcon_pkg'
[0.444s] Level 1:colcon.colcon_core.package_identification:_identify(.) by extensions ['colcon_meta']
[0.444s] Level 1:colcon.colcon_core.package_identification:_identify(.) by extension 'colcon_meta'
[0.444s] Level 1:colcon.colcon_core.package_identification:_identify(.) by extensions ['ros']
[0.444s] Level 1:colcon.colcon_core.package_identification:_identify(.) by extension 'ros'
[0.474s] DEBUG:colcon.colcon_core.package_identification:Package '.' with type 'ros.ament_python' and name 'tcp_communications_pkg'
[0.474s] Level 1:colcon.colcon_core.package_discovery:discover_packages(recursive) using defaults
[0.474s] Level 1:colcon.colcon_core.package_discovery:discover_packages(ignore) discover
[0.474s] Level 1:colcon.colcon_core.package_discovery:discover_packages(ignore) using defaults
[0.474s] Level 1:colcon.colcon_core.package_discovery:discover_packages(path) discover
[0.474s] Level 1:colcon.colcon_core.package_discovery:discover_packages(path) using defaults
[0.508s] Level 1:colcon.colcon_core.package_discovery:discover_packages(prefix_path) check parameters
[0.509s] Level 1:colcon.colcon_core.package_discovery:discover_packages(prefix_path) discover
[0.518s] DEBUG:colcon.colcon_installed_package_information.package_discovery:Found 57 installed packages in /home/agilex/agilex_ws/install
[0.521s] DEBUG:colcon.colcon_installed_package_information.package_discovery:Found 340 installed packages in /opt/ros/foxy
[0.526s] Level 1:colcon.colcon_core.package_discovery:discover_packages(prefix_path) using defaults
[0.643s] Level 5:colcon.colcon_core.verb:set package 'tcp_communications_pkg' build argument 'cmake_args' from command line to 'None'
[0.644s] Level 5:colcon.colcon_core.verb:set package 'tcp_communications_pkg' build argument 'cmake_target' from command line to 'None'
[0.644s] Level 5:colcon.colcon_core.verb:set package 'tcp_communications_pkg' build argument 'cmake_target_skip_unavailable' from command line to 'False'
[0.644s] Level 5:colcon.colcon_core.verb:set package 'tcp_communications_pkg' build argument 'cmake_clean_cache' from command line to 'False'
[0.644s] Level 5:colcon.colcon_core.verb:set package 'tcp_communications_pkg' build argument 'cmake_clean_first' from command line to 'False'
[0.644s] Level 5:colcon.colcon_core.verb:set package 'tcp_communications_pkg' build argument 'cmake_force_configure' from command line to 'False'
[0.644s] Level 5:colcon.colcon_core.verb:set package 'tcp_communications_pkg' build argument 'ament_cmake_args' from command line to 'None'
[0.644s] Level 5:colcon.colcon_core.verb:set package 'tcp_communications_pkg' build argument 'catkin_cmake_args' from command line to 'None'
[0.644s] Level 5:colcon.colcon_core.verb:set package 'tcp_communications_pkg' build argument 'catkin_skip_building_tests' from command line to 'False'
[0.644s] DEBUG:colcon.colcon_core.verb:Building package 'tcp_communications_pkg' with the following arguments: {'ament_cmake_args': None, 'build_base': '/home/agilex/agilex_ws/src/tcp_communications_pkg/build/tcp_communications_pkg', 'catkin_cmake_args': None, 'catkin_skip_building_tests': False, 'cmake_args': None, 'cmake_clean_cache': False, 'cmake_clean_first': False, 'cmake_force_configure': False, 'cmake_target': None, 'cmake_target_skip_unavailable': False, 'install_base': '/home/agilex/agilex_ws/src/tcp_communications_pkg/install/tcp_communications_pkg', 'merge_install': False, 'path': '/home/agilex/agilex_ws/src/tcp_communications_pkg', 'symlink_install': False, 'test_result_base': None}
[0.645s] INFO:colcon.colcon_core.executor:Executing jobs using 'parallel' executor
[0.650s] DEBUG:colcon.colcon_parallel_executor.executor.parallel:run_until_complete
[0.650s] INFO:colcon.colcon_ros.task.ament_python.build:Building ROS package in '/home/agilex/agilex_ws/src/tcp_communications_pkg' with build type 'ament_python'
[0.650s] Level 1:colcon.colcon_core.shell:create_environment_hook('tcp_communications_pkg', 'ament_prefix_path')
[0.656s] INFO:colcon.colcon_core.plugin_system:Skipping extension 'colcon_core.shell.bat': Not used on non-Windows systems
[0.657s] INFO:colcon.colcon_core.shell:Creating environment hook '/home/agilex/agilex_ws/src/tcp_communications_pkg/install/tcp_communications_pkg/share/tcp_communications_pkg/hook/ament_prefix_path.ps1'
[0.657s] INFO:colcon.colcon_core.shell:Creating environment descriptor '/home/agilex/agilex_ws/src/tcp_communications_pkg/install/tcp_communications_pkg/share/tcp_communications_pkg/hook/ament_prefix_path.dsv'
[0.658s] INFO:colcon.colcon_core.shell:Creating environment hook '/home/agilex/agilex_ws/src/tcp_communications_pkg/install/tcp_communications_pkg/share/tcp_communications_pkg/hook/ament_prefix_path.sh'
[0.661s] INFO:colcon.colcon_core.shell:Skip shell extension 'powershell' for command environment: Not usable outside of PowerShell
[0.661s] DEBUG:colcon.colcon_core.shell:Skip shell extension 'dsv' for command environment
[1.266s] INFO:colcon.colcon_core.task.python.build:Building Python package in '/home/agilex/agilex_ws/src/tcp_communications_pkg'
[1.270s] INFO:colcon.colcon_core.shell:Skip shell extension 'powershell' for command environment: Not usable outside of PowerShell
[1.270s] DEBUG:colcon.colcon_core.shell:Skip shell extension 'dsv' for command environment
[2.135s] DEBUG:colcon.colcon_core.event_handler.log_command:Invoking command in '/home/agilex/agilex_ws/src/tcp_communications_pkg': PYTHONPATH=/home/agilex/agilex_ws/src/tcp_communications_pkg/build/tcp_communications_pkg/prefix_override:/home/agilex/agilex_ws/src/tcp_communications_pkg/install/tcp_communications_pkg/lib/python3.8/site-packages:${PYTHONPATH} /usr/bin/python3 setup.py egg_info --egg-base build/tcp_communications_pkg build --build-base /home/agilex/agilex_ws/src/tcp_communications_pkg/build/tcp_communications_pkg/build install --record /home/agilex/agilex_ws/src/tcp_communications_pkg/build/tcp_communications_pkg/install.log --install-scripts $base/lib/tcp_communications_pkg --single-version-externally-managed
[2.521s] DEBUG:colcon.colcon_core.event_handler.log_command:Invoked command in '/home/agilex/agilex_ws/src/tcp_communications_pkg' returned '0': PYTHONPATH=/home/agilex/agilex_ws/src/tcp_communications_pkg/build/tcp_communications_pkg/prefix_override:/home/agilex/agilex_ws/src/tcp_communications_pkg/install/tcp_communications_pkg/lib/python3.8/site-packages:${PYTHONPATH} /usr/bin/python3 setup.py egg_info --egg-base build/tcp_communications_pkg build --build-base /home/agilex/agilex_ws/src/tcp_communications_pkg/build/tcp_communications_pkg/build install --record /home/agilex/agilex_ws/src/tcp_communications_pkg/build/tcp_communications_pkg/install.log --install-scripts $base/lib/tcp_communications_pkg --single-version-externally-managed
[2.528s] Level 1:colcon.colcon_core.environment:checking '/home/agilex/agilex_ws/src/tcp_communications_pkg/install/tcp_communications_pkg' for CMake module files
[2.529s] Level 1:colcon.colcon_core.environment:checking '/home/agilex/agilex_ws/src/tcp_communications_pkg/install/tcp_communications_pkg' for CMake config files
[2.529s] Level 1:colcon.colcon_core.environment:checking '/home/agilex/agilex_ws/src/tcp_communications_pkg/install/tcp_communications_pkg/lib'
[2.530s] Level 1:colcon.colcon_core.environment:checking '/home/agilex/agilex_ws/src/tcp_communications_pkg/install/tcp_communications_pkg/bin'
[2.530s] Level 1:colcon.colcon_core.environment:checking '/home/agilex/agilex_ws/src/tcp_communications_pkg/install/tcp_communications_pkg/lib/pkgconfig/tcp_communications_pkg.pc'
[2.530s] Level 1:colcon.colcon_core.environment:checking '/home/agilex/agilex_ws/src/tcp_communications_pkg/install/tcp_communications_pkg/lib/python3.8/site-packages'
[2.531s] Level 1:colcon.colcon_core.shell:create_environment_hook('tcp_communications_pkg', 'pythonpath')
[2.533s] INFO:colcon.colcon_core.shell:Creating environment hook '/home/agilex/agilex_ws/src/tcp_communications_pkg/install/tcp_communications_pkg/share/tcp_communications_pkg/hook/pythonpath.ps1'
[2.534s] INFO:colcon.colcon_core.shell:Creating environment descriptor '/home/agilex/agilex_ws/src/tcp_communications_pkg/install/tcp_communications_pkg/share/tcp_communications_pkg/hook/pythonpath.dsv'
[2.534s] INFO:colcon.colcon_core.shell:Creating environment hook '/home/agilex/agilex_ws/src/tcp_communications_pkg/install/tcp_communications_pkg/share/tcp_communications_pkg/hook/pythonpath.sh'
[2.535s] Level 1:colcon.colcon_core.environment:checking '/home/agilex/agilex_ws/src/tcp_communications_pkg/install/tcp_communications_pkg/bin'
[2.535s] Level 1:colcon.colcon_core.environment:create_environment_scripts_only(tcp_communications_pkg)
[2.538s] INFO:colcon.colcon_core.shell:Creating package script '/home/agilex/agilex_ws/src/tcp_communications_pkg/install/tcp_communications_pkg/share/tcp_communications_pkg/package.ps1'
[2.539s] INFO:colcon.colcon_core.shell:Creating package descriptor '/home/agilex/agilex_ws/src/tcp_communications_pkg/install/tcp_communications_pkg/share/tcp_communications_pkg/package.dsv'
[2.540s] INFO:colcon.colcon_core.shell:Creating package script '/home/agilex/agilex_ws/src/tcp_communications_pkg/install/tcp_communications_pkg/share/tcp_communications_pkg/package.sh'
[2.541s] INFO:colcon.colcon_core.shell:Creating package script '/home/agilex/agilex_ws/src/tcp_communications_pkg/install/tcp_communications_pkg/share/tcp_communications_pkg/package.bash'
[2.542s] INFO:colcon.colcon_core.shell:Creating package script '/home/agilex/agilex_ws/src/tcp_communications_pkg/install/tcp_communications_pkg/share/tcp_communications_pkg/package.zsh'
[2.543s] Level 1:colcon.colcon_core.environment:create_file_with_runtime_dependencies(/home/agilex/agilex_ws/src/tcp_communications_pkg/install/tcp_communications_pkg/share/colcon-core/packages/tcp_communications_pkg)
[2.543s] DEBUG:colcon.colcon_parallel_executor.executor.parallel:closing loop
[2.544s] DEBUG:colcon.colcon_parallel_executor.executor.parallel:loop closed
[2.544s] DEBUG:colcon.colcon_parallel_executor.executor.parallel:run_until_complete finished with '0'
[2.544s] DEBUG:colcon.colcon_core.event_reactor:joining thread
[2.556s] INFO:colcon.colcon_core.plugin_system:Skipping extension 'colcon_notification.desktop_notification.terminal_notifier': Not used on non-Darwin systems
[2.557s] INFO:colcon.colcon_core.plugin_system:Skipping extension 'colcon_notification.desktop_notification.win32': Not used on non-Windows systems
[2.557s] INFO:colcon.colcon_notification.desktop_notification:Sending desktop notification using 'notify2'
[2.592s] DEBUG:colcon.colcon_core.event_reactor:joined thread
[2.595s] INFO:colcon.colcon_core.shell:Creating prefix script '/home/agilex/agilex_ws/src/tcp_communications_pkg/install/local_setup.ps1'
[2.599s] INFO:colcon.colcon_core.shell:Creating prefix util module '/home/agilex/agilex_ws/src/tcp_communications_pkg/install/_local_setup_util_ps1.py'
[2.602s] INFO:colcon.colcon_core.shell:Creating prefix chain script '/home/agilex/agilex_ws/src/tcp_communications_pkg/install/setup.ps1'
[2.614s] INFO:colcon.colcon_core.shell:Creating prefix script '/home/agilex/agilex_ws/src/tcp_communications_pkg/install/local_setup.sh'
[2.616s] INFO:colcon.colcon_core.shell:Creating prefix util module '/home/agilex/agilex_ws/src/tcp_communications_pkg/install/_local_setup_util_sh.py'
[2.619s] INFO:colcon.colcon_core.shell:Creating prefix chain script '/home/agilex/agilex_ws/src/tcp_communications_pkg/install/setup.sh'
[2.627s] INFO:colcon.colcon_core.shell:Creating prefix script '/home/agilex/agilex_ws/src/tcp_communications_pkg/install/local_setup.bash'
[2.627s] INFO:colcon.colcon_core.shell:Creating prefix chain script '/home/agilex/agilex_ws/src/tcp_communications_pkg/install/setup.bash'
[2.636s] INFO:colcon.colcon_core.shell:Creating prefix script '/home/agilex/agilex_ws/src/tcp_communications_pkg/install/local_setup.zsh'
[2.637s] INFO:colcon.colcon_core.shell:Creating prefix chain script '/home/agilex/agilex_ws/src/tcp_communications_pkg/install/setup.zsh'
