[0.901s] DEBUG:colcon:Command line arguments: ['/usr/bin/colcon', 'build']
[0.901s] DEBUG:colcon:Parsed command line arguments: Namespace(allow_overriding=[], ament_cmake_args=None, base_paths=['.'], build_base='build', catkin_cmake_args=None, catkin_skip_building_tests=False, cmake_args=None, cmake_clean_cache=False, cmake_clean_first=False, cmake_force_configure=False, cmake_target=None, cmake_target_skip_unavailable=False, continue_on_error=False, event_handlers=None, executor='parallel', ignore_user_meta=False, install_base='install', log_base=None, log_level=None, main=<bound method BuildVerb.main of <colcon_core.verb.build.BuildVerb object at 0x7f9bc98fa9a0>>, merge_install=False, metas=['./colcon.meta'], packages_above=None, packages_above_and_dependencies=None, packages_above_depth=None, packages_end=None, packages_ignore=None, packages_ignore_regex=None, packages_select=None, packages_select_build_failed=False, packages_select_by_dep=None, packages_select_regex=None, packages_select_test_failures=False, packages_skip=None, packages_skip_build_finished=False, packages_skip_by_dep=None, packages_skip_regex=None, packages_skip_test_passed=False, packages_skip_up_to=None, packages_start=None, packages_up_to=None, packages_up_to_regex=None, parallel_workers=8, paths=None, symlink_install=False, test_result_base=None, verb_extension=<colcon_core.verb.build.BuildVerb object at 0x7f9bc98fa9a0>, verb_name='build', verb_parser=<colcon_defaults.argument_parser.defaults.DefaultArgumentsDecorator object at 0x7f9bc98faf10>)
[0.977s] Level 1:colcon.colcon_core.package_discovery:discover_packages(colcon_meta) check parameters
[0.977s] Level 1:colcon.colcon_core.package_discovery:discover_packages(recursive) check parameters
[0.977s] Level 1:colcon.colcon_core.package_discovery:discover_packages(ignore) check parameters
[0.977s] Level 1:colcon.colcon_core.package_discovery:discover_packages(path) check parameters
[0.977s] Level 1:colcon.colcon_core.package_discovery:discover_packages(colcon_meta) discover
[0.977s] Level 1:colcon.colcon_core.package_discovery:discover_packages(recursive) discover
[0.978s] INFO:colcon.colcon_core.package_discovery:Crawling recursively for packages in '/home/agilex/agilex_ws/src/tcp_communications_pkg'
[0.978s] Level 1:colcon.colcon_core.package_identification:_identify(.) by extensions ['ignore', 'ignore_ament_install']
[0.978s] Level 1:colcon.colcon_core.package_identification:_identify(.) by extension 'ignore'
[0.978s] Level 1:colcon.colcon_core.package_identification:_identify(.) by extension 'ignore_ament_install'
[0.979s] Level 1:colcon.colcon_core.package_identification:_identify(.) by extensions ['colcon_pkg']
[0.979s] Level 1:colcon.colcon_core.package_identification:_identify(.) by extension 'colcon_pkg'
[0.979s] Level 1:colcon.colcon_core.package_identification:_identify(.) by extensions ['colcon_meta']
[0.979s] Level 1:colcon.colcon_core.package_identification:_identify(.) by extension 'colcon_meta'
[0.979s] Level 1:colcon.colcon_core.package_identification:_identify(.) by extensions ['ros']
[0.979s] Level 1:colcon.colcon_core.package_identification:_identify(.) by extension 'ros'
[1.031s] DEBUG:colcon.colcon_core.package_identification:Package '.' with type 'ros.ament_python' and name 'tcp_communications_pkg'
[1.031s] Level 1:colcon.colcon_core.package_discovery:discover_packages(recursive) using defaults
[1.031s] Level 1:colcon.colcon_core.package_discovery:discover_packages(ignore) discover
[1.031s] Level 1:colcon.colcon_core.package_discovery:discover_packages(ignore) using defaults
[1.031s] Level 1:colcon.colcon_core.package_discovery:discover_packages(path) discover
[1.032s] Level 1:colcon.colcon_core.package_discovery:discover_packages(path) using defaults
[1.082s] Level 1:colcon.colcon_core.package_discovery:discover_packages(prefix_path) check parameters
[1.082s] Level 1:colcon.colcon_core.package_discovery:discover_packages(prefix_path) discover
[1.097s] DEBUG:colcon.colcon_installed_package_information.package_discovery:Found 57 installed packages in /home/agilex/agilex_ws/install
[1.103s] DEBUG:colcon.colcon_installed_package_information.package_discovery:Found 340 installed packages in /opt/ros/foxy
[1.119s] Level 1:colcon.colcon_core.package_discovery:discover_packages(prefix_path) using defaults
[1.370s] Level 5:colcon.colcon_core.verb:set package 'tcp_communications_pkg' build argument 'cmake_args' from command line to 'None'
[1.370s] Level 5:colcon.colcon_core.verb:set package 'tcp_communications_pkg' build argument 'cmake_target' from command line to 'None'
[1.370s] Level 5:colcon.colcon_core.verb:set package 'tcp_communications_pkg' build argument 'cmake_target_skip_unavailable' from command line to 'False'
[1.370s] Level 5:colcon.colcon_core.verb:set package 'tcp_communications_pkg' build argument 'cmake_clean_cache' from command line to 'False'
[1.370s] Level 5:colcon.colcon_core.verb:set package 'tcp_communications_pkg' build argument 'cmake_clean_first' from command line to 'False'
[1.370s] Level 5:colcon.colcon_core.verb:set package 'tcp_communications_pkg' build argument 'cmake_force_configure' from command line to 'False'
[1.370s] Level 5:colcon.colcon_core.verb:set package 'tcp_communications_pkg' build argument 'ament_cmake_args' from command line to 'None'
[1.370s] Level 5:colcon.colcon_core.verb:set package 'tcp_communications_pkg' build argument 'catkin_cmake_args' from command line to 'None'
[1.370s] Level 5:colcon.colcon_core.verb:set package 'tcp_communications_pkg' build argument 'catkin_skip_building_tests' from command line to 'False'
[1.371s] DEBUG:colcon.colcon_core.verb:Building package 'tcp_communications_pkg' with the following arguments: {'ament_cmake_args': None, 'build_base': '/home/agilex/agilex_ws/src/tcp_communications_pkg/build/tcp_communications_pkg', 'catkin_cmake_args': None, 'catkin_skip_building_tests': False, 'cmake_args': None, 'cmake_clean_cache': False, 'cmake_clean_first': False, 'cmake_force_configure': False, 'cmake_target': None, 'cmake_target_skip_unavailable': False, 'install_base': '/home/agilex/agilex_ws/src/tcp_communications_pkg/install/tcp_communications_pkg', 'merge_install': False, 'path': '/home/agilex/agilex_ws/src/tcp_communications_pkg', 'symlink_install': False, 'test_result_base': None}
[1.373s] INFO:colcon.colcon_core.executor:Executing jobs using 'parallel' executor
[1.381s] DEBUG:colcon.colcon_parallel_executor.executor.parallel:run_until_complete
[1.381s] INFO:colcon.colcon_ros.task.ament_python.build:Building ROS package in '/home/agilex/agilex_ws/src/tcp_communications_pkg' with build type 'ament_python'
[1.382s] Level 1:colcon.colcon_core.shell:create_environment_hook('tcp_communications_pkg', 'ament_prefix_path')
[1.392s] INFO:colcon.colcon_core.plugin_system:Skipping extension 'colcon_core.shell.bat': Not used on non-Windows systems
[1.393s] INFO:colcon.colcon_core.shell:Creating environment hook '/home/agilex/agilex_ws/src/tcp_communications_pkg/install/tcp_communications_pkg/share/tcp_communications_pkg/hook/ament_prefix_path.ps1'
[1.395s] INFO:colcon.colcon_core.shell:Creating environment descriptor '/home/agilex/agilex_ws/src/tcp_communications_pkg/install/tcp_communications_pkg/share/tcp_communications_pkg/hook/ament_prefix_path.dsv'
[1.397s] INFO:colcon.colcon_core.shell:Creating environment hook '/home/agilex/agilex_ws/src/tcp_communications_pkg/install/tcp_communications_pkg/share/tcp_communications_pkg/hook/ament_prefix_path.sh'
[1.402s] INFO:colcon.colcon_core.shell:Skip shell extension 'powershell' for command environment: Not usable outside of PowerShell
[1.402s] DEBUG:colcon.colcon_core.shell:Skip shell extension 'dsv' for command environment
[1.993s] INFO:colcon.colcon_core.task.python.build:Building Python package in '/home/agilex/agilex_ws/src/tcp_communications_pkg'
[1.997s] INFO:colcon.colcon_core.shell:Skip shell extension 'powershell' for command environment: Not usable outside of PowerShell
[1.997s] DEBUG:colcon.colcon_core.shell:Skip shell extension 'dsv' for command environment
[3.091s] DEBUG:colcon.colcon_core.event_handler.log_command:Invoking command in '/home/agilex/agilex_ws/src/tcp_communications_pkg': PYTHONPATH=/home/agilex/agilex_ws/src/tcp_communications_pkg/build/tcp_communications_pkg/prefix_override:/home/agilex/agilex_ws/src/tcp_communications_pkg/install/tcp_communications_pkg/lib/python3.8/site-packages:${PYTHONPATH} /usr/bin/python3 setup.py egg_info --egg-base build/tcp_communications_pkg build --build-base /home/agilex/agilex_ws/src/tcp_communications_pkg/build/tcp_communications_pkg/build install --record /home/agilex/agilex_ws/src/tcp_communications_pkg/build/tcp_communications_pkg/install.log --install-scripts $base/lib/tcp_communications_pkg --single-version-externally-managed
[3.882s] DEBUG:colcon.colcon_core.event_handler.log_command:Invoked command in '/home/agilex/agilex_ws/src/tcp_communications_pkg' returned '0': PYTHONPATH=/home/agilex/agilex_ws/src/tcp_communications_pkg/build/tcp_communications_pkg/prefix_override:/home/agilex/agilex_ws/src/tcp_communications_pkg/install/tcp_communications_pkg/lib/python3.8/site-packages:${PYTHONPATH} /usr/bin/python3 setup.py egg_info --egg-base build/tcp_communications_pkg build --build-base /home/agilex/agilex_ws/src/tcp_communications_pkg/build/tcp_communications_pkg/build install --record /home/agilex/agilex_ws/src/tcp_communications_pkg/build/tcp_communications_pkg/install.log --install-scripts $base/lib/tcp_communications_pkg --single-version-externally-managed
[3.892s] Level 1:colcon.colcon_core.environment:checking '/home/agilex/agilex_ws/src/tcp_communications_pkg/install/tcp_communications_pkg' for CMake module files
[3.894s] Level 1:colcon.colcon_core.environment:checking '/home/agilex/agilex_ws/src/tcp_communications_pkg/install/tcp_communications_pkg' for CMake config files
[3.895s] Level 1:colcon.colcon_core.environment:checking '/home/agilex/agilex_ws/src/tcp_communications_pkg/install/tcp_communications_pkg/lib'
[3.896s] Level 1:colcon.colcon_core.environment:checking '/home/agilex/agilex_ws/src/tcp_communications_pkg/install/tcp_communications_pkg/bin'
[3.896s] Level 1:colcon.colcon_core.environment:checking '/home/agilex/agilex_ws/src/tcp_communications_pkg/install/tcp_communications_pkg/lib/pkgconfig/tcp_communications_pkg.pc'
[3.897s] Level 1:colcon.colcon_core.environment:checking '/home/agilex/agilex_ws/src/tcp_communications_pkg/install/tcp_communications_pkg/lib/python3.8/site-packages'
[3.897s] Level 1:colcon.colcon_core.shell:create_environment_hook('tcp_communications_pkg', 'pythonpath')
[3.900s] INFO:colcon.colcon_core.shell:Creating environment hook '/home/agilex/agilex_ws/src/tcp_communications_pkg/install/tcp_communications_pkg/share/tcp_communications_pkg/hook/pythonpath.ps1'
[3.901s] INFO:colcon.colcon_core.shell:Creating environment descriptor '/home/agilex/agilex_ws/src/tcp_communications_pkg/install/tcp_communications_pkg/share/tcp_communications_pkg/hook/pythonpath.dsv'
[3.902s] INFO:colcon.colcon_core.shell:Creating environment hook '/home/agilex/agilex_ws/src/tcp_communications_pkg/install/tcp_communications_pkg/share/tcp_communications_pkg/hook/pythonpath.sh'
[3.903s] Level 1:colcon.colcon_core.environment:checking '/home/agilex/agilex_ws/src/tcp_communications_pkg/install/tcp_communications_pkg/bin'
[3.903s] Level 1:colcon.colcon_core.environment:create_environment_scripts_only(tcp_communications_pkg)
[3.907s] INFO:colcon.colcon_core.shell:Creating package script '/home/agilex/agilex_ws/src/tcp_communications_pkg/install/tcp_communications_pkg/share/tcp_communications_pkg/package.ps1'
[3.909s] INFO:colcon.colcon_core.shell:Creating package descriptor '/home/agilex/agilex_ws/src/tcp_communications_pkg/install/tcp_communications_pkg/share/tcp_communications_pkg/package.dsv'
[3.911s] INFO:colcon.colcon_core.shell:Creating package script '/home/agilex/agilex_ws/src/tcp_communications_pkg/install/tcp_communications_pkg/share/tcp_communications_pkg/package.sh'
[3.916s] INFO:colcon.colcon_core.shell:Creating package script '/home/agilex/agilex_ws/src/tcp_communications_pkg/install/tcp_communications_pkg/share/tcp_communications_pkg/package.bash'
[3.918s] INFO:colcon.colcon_core.shell:Creating package script '/home/agilex/agilex_ws/src/tcp_communications_pkg/install/tcp_communications_pkg/share/tcp_communications_pkg/package.zsh'
[3.919s] Level 1:colcon.colcon_core.environment:create_file_with_runtime_dependencies(/home/agilex/agilex_ws/src/tcp_communications_pkg/install/tcp_communications_pkg/share/colcon-core/packages/tcp_communications_pkg)
[3.921s] DEBUG:colcon.colcon_parallel_executor.executor.parallel:closing loop
[3.922s] DEBUG:colcon.colcon_parallel_executor.executor.parallel:loop closed
[3.922s] DEBUG:colcon.colcon_parallel_executor.executor.parallel:run_until_complete finished with '0'
[3.923s] DEBUG:colcon.colcon_core.event_reactor:joining thread
[3.933s] INFO:colcon.colcon_core.plugin_system:Skipping extension 'colcon_notification.desktop_notification.terminal_notifier': Not used on non-Darwin systems
[3.933s] INFO:colcon.colcon_core.plugin_system:Skipping extension 'colcon_notification.desktop_notification.win32': Not used on non-Windows systems
[3.934s] INFO:colcon.colcon_notification.desktop_notification:Sending desktop notification using 'notify2'
[3.966s] DEBUG:colcon.colcon_core.event_reactor:joined thread
[3.970s] INFO:colcon.colcon_core.shell:Creating prefix script '/home/agilex/agilex_ws/src/tcp_communications_pkg/install/local_setup.ps1'
[3.972s] INFO:colcon.colcon_core.shell:Creating prefix util module '/home/agilex/agilex_ws/src/tcp_communications_pkg/install/_local_setup_util_ps1.py'
[3.975s] INFO:colcon.colcon_core.shell:Creating prefix chain script '/home/agilex/agilex_ws/src/tcp_communications_pkg/install/setup.ps1'
[3.983s] INFO:colcon.colcon_core.shell:Creating prefix script '/home/agilex/agilex_ws/src/tcp_communications_pkg/install/local_setup.sh'
[3.984s] INFO:colcon.colcon_core.shell:Creating prefix util module '/home/agilex/agilex_ws/src/tcp_communications_pkg/install/_local_setup_util_sh.py'
[3.985s] INFO:colcon.colcon_core.shell:Creating prefix chain script '/home/agilex/agilex_ws/src/tcp_communications_pkg/install/setup.sh'
[3.994s] INFO:colcon.colcon_core.shell:Creating prefix script '/home/agilex/agilex_ws/src/tcp_communications_pkg/install/local_setup.bash'
[3.995s] INFO:colcon.colcon_core.shell:Creating prefix chain script '/home/agilex/agilex_ws/src/tcp_communications_pkg/install/setup.bash'
[4.003s] INFO:colcon.colcon_core.shell:Creating prefix script '/home/agilex/agilex_ws/src/tcp_communications_pkg/install/local_setup.zsh'
[4.004s] INFO:colcon.colcon_core.shell:Creating prefix chain script '/home/agilex/agilex_ws/src/tcp_communications_pkg/install/setup.zsh'
