[0.819s] Invoking command in '/home/agilex/agilex_ws/src/tcp_communications_pkg': PYTHONPATH=/home/agilex/agilex_ws/src/tcp_communications_pkg/build/tcp_communications_pkg/prefix_override:/home/agilex/agilex_ws/src/tcp_communications_pkg/install/tcp_communications_pkg/lib/python3.8/site-packages:${PYTHONPATH} /usr/bin/python3 setup.py egg_info --egg-base build/tcp_communications_pkg build --build-base /home/agilex/agilex_ws/src/tcp_communications_pkg/build/tcp_communications_pkg/build install --record /home/agilex/agilex_ws/src/tcp_communications_pkg/build/tcp_communications_pkg/install.log --install-scripts $base/lib/tcp_communications_pkg --single-version-externally-managed
[1.103s] running egg_info
[1.103s] writing build/tcp_communications_pkg/tcp_communications_pkg.egg-info/PKG-INFO
[1.104s] writing dependency_links to build/tcp_communications_pkg/tcp_communications_pkg.egg-info/dependency_links.txt
[1.104s] writing entry points to build/tcp_communications_pkg/tcp_communications_pkg.egg-info/entry_points.txt
[1.104s] writing requirements to build/tcp_communications_pkg/tcp_communications_pkg.egg-info/requires.txt
[1.104s] writing top-level names to build/tcp_communications_pkg/tcp_communications_pkg.egg-info/top_level.txt
[1.139s] reading manifest file 'build/tcp_communications_pkg/tcp_communications_pkg.egg-info/SOURCES.txt'
[1.140s] writing manifest file 'build/tcp_communications_pkg/tcp_communications_pkg.egg-info/SOURCES.txt'
[1.140s] running build
[1.140s] running build_py
[1.141s] copying tcp_communications_pkg/client_node.py -> /home/agilex/agilex_ws/src/tcp_communications_pkg/build/tcp_communications_pkg/build/lib/tcp_communications_pkg
[1.141s] running install
[1.142s] running install_lib
[1.143s] copying /home/agilex/agilex_ws/src/tcp_communications_pkg/build/tcp_communications_pkg/build/lib/tcp_communications_pkg/client_node.py -> /home/agilex/agilex_ws/src/tcp_communications_pkg/install/tcp_communications_pkg/lib/python3.8/site-packages/tcp_communications_pkg
[1.143s] byte-compiling /home/agilex/agilex_ws/src/tcp_communications_pkg/install/tcp_communications_pkg/lib/python3.8/site-packages/tcp_communications_pkg/client_node.py to client_node.cpython-38.pyc
[1.146s] running install_data
[1.146s] running install_egg_info
[1.148s] removing '/home/agilex/agilex_ws/src/tcp_communications_pkg/install/tcp_communications_pkg/lib/python3.8/site-packages/tcp_communications_pkg-0.0.0-py3.8.egg-info' (and everything under it)
[1.148s] Copying build/tcp_communications_pkg/tcp_communications_pkg.egg-info to /home/agilex/agilex_ws/src/tcp_communications_pkg/install/tcp_communications_pkg/lib/python3.8/site-packages/tcp_communications_pkg-0.0.0-py3.8.egg-info
[1.149s] running install_scripts
[1.168s] Installing client_node script to /home/agilex/agilex_ws/src/tcp_communications_pkg/install/tcp_communications_pkg/lib/tcp_communications_pkg
[1.168s] Installing command_input script to /home/agilex/agilex_ws/src/tcp_communications_pkg/install/tcp_communications_pkg/lib/tcp_communications_pkg
[1.168s] Installing server_node script to /home/agilex/agilex_ws/src/tcp_communications_pkg/install/tcp_communications_pkg/lib/tcp_communications_pkg
[1.169s] writing list of installed files to '/home/agilex/agilex_ws/src/tcp_communications_pkg/build/tcp_communications_pkg/install.log'
[1.192s] Invoked command in '/home/agilex/agilex_ws/src/tcp_communications_pkg' returned '0': PYTHONPATH=/home/agilex/agilex_ws/src/tcp_communications_pkg/build/tcp_communications_pkg/prefix_override:/home/agilex/agilex_ws/src/tcp_communications_pkg/install/tcp_communications_pkg/lib/python3.8/site-packages:${PYTHONPATH} /usr/bin/python3 setup.py egg_info --egg-base build/tcp_communications_pkg build --build-base /home/agilex/agilex_ws/src/tcp_communications_pkg/build/tcp_communications_pkg/build install --record /home/agilex/agilex_ws/src/tcp_communications_pkg/build/tcp_communications_pkg/install.log --install-scripts $base/lib/tcp_communications_pkg --single-version-externally-managed
