[0.390s] DEBUG:colcon:Command line arguments: ['/usr/bin/colcon', 'build']
[0.390s] DEBUG:colcon:Parsed command line arguments: Namespace(allow_overriding=[], ament_cmake_args=None, base_paths=['.'], build_base='build', catkin_cmake_args=None, catkin_skip_building_tests=False, cmake_args=None, cmake_clean_cache=False, cmake_clean_first=False, cmake_force_configure=False, cmake_target=None, cmake_target_skip_unavailable=False, continue_on_error=False, event_handlers=None, executor='parallel', ignore_user_meta=False, install_base='install', log_base=None, log_level=None, main=<bound method BuildVerb.main of <colcon_core.verb.build.BuildVerb object at 0x7f4b9ad777c0>>, merge_install=False, metas=['./colcon.meta'], packages_above=None, packages_above_and_dependencies=None, packages_above_depth=None, packages_end=None, packages_ignore=None, packages_ignore_regex=None, packages_select=None, packages_select_build_failed=False, packages_select_by_dep=None, packages_select_regex=None, packages_select_test_failures=False, packages_skip=None, packages_skip_build_finished=False, packages_skip_by_dep=None, packages_skip_regex=None, packages_skip_test_passed=False, packages_skip_up_to=None, packages_start=None, packages_up_to=None, packages_up_to_regex=None, parallel_workers=8, paths=None, symlink_install=False, test_result_base=None, verb_extension=<colcon_core.verb.build.BuildVerb object at 0x7f4b9ad777c0>, verb_name='build', verb_parser=<colcon_defaults.argument_parser.defaults.DefaultArgumentsDecorator object at 0x7f4b9ad77d30>)
[0.422s] Level 1:colcon.colcon_core.package_discovery:discover_packages(colcon_meta) check parameters
[0.422s] Level 1:colcon.colcon_core.package_discovery:discover_packages(recursive) check parameters
[0.422s] Level 1:colcon.colcon_core.package_discovery:discover_packages(ignore) check parameters
[0.422s] Level 1:colcon.colcon_core.package_discovery:discover_packages(path) check parameters
[0.422s] Level 1:colcon.colcon_core.package_discovery:discover_packages(colcon_meta) discover
[0.422s] Level 1:colcon.colcon_core.package_discovery:discover_packages(recursive) discover
[0.422s] INFO:colcon.colcon_core.package_discovery:Crawling recursively for packages in '/home/agilex/agilex_ws/src/tcp_communications_pkg'
[0.422s] Level 1:colcon.colcon_core.package_identification:_identify(.) by extensions ['ignore', 'ignore_ament_install']
[0.422s] Level 1:colcon.colcon_core.package_identification:_identify(.) by extension 'ignore'
[0.422s] Level 1:colcon.colcon_core.package_identification:_identify(.) by extension 'ignore_ament_install'
[0.422s] Level 1:colcon.colcon_core.package_identification:_identify(.) by extensions ['colcon_pkg']
[0.422s] Level 1:colcon.colcon_core.package_identification:_identify(.) by extension 'colcon_pkg'
[0.422s] Level 1:colcon.colcon_core.package_identification:_identify(.) by extensions ['colcon_meta']
[0.422s] Level 1:colcon.colcon_core.package_identification:_identify(.) by extension 'colcon_meta'
[0.422s] Level 1:colcon.colcon_core.package_identification:_identify(.) by extensions ['ros']
[0.422s] Level 1:colcon.colcon_core.package_identification:_identify(.) by extension 'ros'
[0.450s] DEBUG:colcon.colcon_core.package_identification:Package '.' with type 'ros.ament_python' and name 'tcp_communications_pkg'
[0.450s] Level 1:colcon.colcon_core.package_discovery:discover_packages(recursive) using defaults
[0.450s] Level 1:colcon.colcon_core.package_discovery:discover_packages(ignore) discover
[0.450s] Level 1:colcon.colcon_core.package_discovery:discover_packages(ignore) using defaults
[0.450s] Level 1:colcon.colcon_core.package_discovery:discover_packages(path) discover
[0.450s] Level 1:colcon.colcon_core.package_discovery:discover_packages(path) using defaults
[0.483s] Level 1:colcon.colcon_core.package_discovery:discover_packages(prefix_path) check parameters
[0.483s] Level 1:colcon.colcon_core.package_discovery:discover_packages(prefix_path) discover
[0.491s] DEBUG:colcon.colcon_installed_package_information.package_discovery:Found 57 installed packages in /home/agilex/agilex_ws/install
[0.495s] DEBUG:colcon.colcon_installed_package_information.package_discovery:Found 340 installed packages in /opt/ros/foxy
[0.501s] Level 1:colcon.colcon_core.package_discovery:discover_packages(prefix_path) using defaults
[0.609s] Level 5:colcon.colcon_core.verb:set package 'tcp_communications_pkg' build argument 'cmake_args' from command line to 'None'
[0.609s] Level 5:colcon.colcon_core.verb:set package 'tcp_communications_pkg' build argument 'cmake_target' from command line to 'None'
[0.609s] Level 5:colcon.colcon_core.verb:set package 'tcp_communications_pkg' build argument 'cmake_target_skip_unavailable' from command line to 'False'
[0.609s] Level 5:colcon.colcon_core.verb:set package 'tcp_communications_pkg' build argument 'cmake_clean_cache' from command line to 'False'
[0.609s] Level 5:colcon.colcon_core.verb:set package 'tcp_communications_pkg' build argument 'cmake_clean_first' from command line to 'False'
[0.609s] Level 5:colcon.colcon_core.verb:set package 'tcp_communications_pkg' build argument 'cmake_force_configure' from command line to 'False'
[0.609s] Level 5:colcon.colcon_core.verb:set package 'tcp_communications_pkg' build argument 'ament_cmake_args' from command line to 'None'
[0.609s] Level 5:colcon.colcon_core.verb:set package 'tcp_communications_pkg' build argument 'catkin_cmake_args' from command line to 'None'
[0.609s] Level 5:colcon.colcon_core.verb:set package 'tcp_communications_pkg' build argument 'catkin_skip_building_tests' from command line to 'False'
[0.609s] DEBUG:colcon.colcon_core.verb:Building package 'tcp_communications_pkg' with the following arguments: {'ament_cmake_args': None, 'build_base': '/home/agilex/agilex_ws/src/tcp_communications_pkg/build/tcp_communications_pkg', 'catkin_cmake_args': None, 'catkin_skip_building_tests': False, 'cmake_args': None, 'cmake_clean_cache': False, 'cmake_clean_first': False, 'cmake_force_configure': False, 'cmake_target': None, 'cmake_target_skip_unavailable': False, 'install_base': '/home/agilex/agilex_ws/src/tcp_communications_pkg/install/tcp_communications_pkg', 'merge_install': False, 'path': '/home/agilex/agilex_ws/src/tcp_communications_pkg', 'symlink_install': False, 'test_result_base': None}
[0.610s] INFO:colcon.colcon_core.executor:Executing jobs using 'parallel' executor
[0.614s] DEBUG:colcon.colcon_parallel_executor.executor.parallel:run_until_complete
[0.614s] INFO:colcon.colcon_ros.task.ament_python.build:Building ROS package in '/home/agilex/agilex_ws/src/tcp_communications_pkg' with build type 'ament_python'
[0.614s] Level 1:colcon.colcon_core.shell:create_environment_hook('tcp_communications_pkg', 'ament_prefix_path')
[0.619s] INFO:colcon.colcon_core.plugin_system:Skipping extension 'colcon_core.shell.bat': Not used on non-Windows systems
[0.619s] INFO:colcon.colcon_core.shell:Creating environment hook '/home/agilex/agilex_ws/src/tcp_communications_pkg/install/tcp_communications_pkg/share/tcp_communications_pkg/hook/ament_prefix_path.ps1'
[0.620s] INFO:colcon.colcon_core.shell:Creating environment descriptor '/home/agilex/agilex_ws/src/tcp_communications_pkg/install/tcp_communications_pkg/share/tcp_communications_pkg/hook/ament_prefix_path.dsv'
[0.621s] INFO:colcon.colcon_core.shell:Creating environment hook '/home/agilex/agilex_ws/src/tcp_communications_pkg/install/tcp_communications_pkg/share/tcp_communications_pkg/hook/ament_prefix_path.sh'
[0.624s] INFO:colcon.colcon_core.shell:Skip shell extension 'powershell' for command environment: Not usable outside of PowerShell
[0.624s] DEBUG:colcon.colcon_core.shell:Skip shell extension 'dsv' for command environment
[1.201s] INFO:colcon.colcon_core.task.python.build:Building Python package in '/home/agilex/agilex_ws/src/tcp_communications_pkg'
[1.203s] INFO:colcon.colcon_core.shell:Skip shell extension 'powershell' for command environment: Not usable outside of PowerShell
[1.203s] DEBUG:colcon.colcon_core.shell:Skip shell extension 'dsv' for command environment
[2.257s] DEBUG:colcon.colcon_core.event_handler.log_command:Invoking command in '/home/agilex/agilex_ws/src/tcp_communications_pkg': PYTHONPATH=/home/agilex/agilex_ws/src/tcp_communications_pkg/build/tcp_communications_pkg/prefix_override:/home/agilex/agilex_ws/src/tcp_communications_pkg/install/tcp_communications_pkg/lib/python3.8/site-packages:${PYTHONPATH} /usr/bin/python3 setup.py egg_info --egg-base build/tcp_communications_pkg build --build-base /home/agilex/agilex_ws/src/tcp_communications_pkg/build/tcp_communications_pkg/build install --record /home/agilex/agilex_ws/src/tcp_communications_pkg/build/tcp_communications_pkg/install.log --install-scripts $base/lib/tcp_communications_pkg --single-version-externally-managed
[3.034s] DEBUG:colcon.colcon_core.event_handler.log_command:Invoked command in '/home/agilex/agilex_ws/src/tcp_communications_pkg' returned '0': PYTHONPATH=/home/agilex/agilex_ws/src/tcp_communications_pkg/build/tcp_communications_pkg/prefix_override:/home/agilex/agilex_ws/src/tcp_communications_pkg/install/tcp_communications_pkg/lib/python3.8/site-packages:${PYTHONPATH} /usr/bin/python3 setup.py egg_info --egg-base build/tcp_communications_pkg build --build-base /home/agilex/agilex_ws/src/tcp_communications_pkg/build/tcp_communications_pkg/build install --record /home/agilex/agilex_ws/src/tcp_communications_pkg/build/tcp_communications_pkg/install.log --install-scripts $base/lib/tcp_communications_pkg --single-version-externally-managed
[3.041s] Level 1:colcon.colcon_core.environment:checking '/home/agilex/agilex_ws/src/tcp_communications_pkg/install/tcp_communications_pkg' for CMake module files
[3.042s] Level 1:colcon.colcon_core.environment:checking '/home/agilex/agilex_ws/src/tcp_communications_pkg/install/tcp_communications_pkg' for CMake config files
[3.043s] Level 1:colcon.colcon_core.environment:checking '/home/agilex/agilex_ws/src/tcp_communications_pkg/install/tcp_communications_pkg/lib'
[3.043s] Level 1:colcon.colcon_core.environment:checking '/home/agilex/agilex_ws/src/tcp_communications_pkg/install/tcp_communications_pkg/bin'
[3.043s] Level 1:colcon.colcon_core.environment:checking '/home/agilex/agilex_ws/src/tcp_communications_pkg/install/tcp_communications_pkg/lib/pkgconfig/tcp_communications_pkg.pc'
[3.043s] Level 1:colcon.colcon_core.environment:checking '/home/agilex/agilex_ws/src/tcp_communications_pkg/install/tcp_communications_pkg/lib/python3.8/site-packages'
[3.043s] Level 1:colcon.colcon_core.shell:create_environment_hook('tcp_communications_pkg', 'pythonpath')
[3.045s] INFO:colcon.colcon_core.shell:Creating environment hook '/home/agilex/agilex_ws/src/tcp_communications_pkg/install/tcp_communications_pkg/share/tcp_communications_pkg/hook/pythonpath.ps1'
[3.046s] INFO:colcon.colcon_core.shell:Creating environment descriptor '/home/agilex/agilex_ws/src/tcp_communications_pkg/install/tcp_communications_pkg/share/tcp_communications_pkg/hook/pythonpath.dsv'
[3.046s] INFO:colcon.colcon_core.shell:Creating environment hook '/home/agilex/agilex_ws/src/tcp_communications_pkg/install/tcp_communications_pkg/share/tcp_communications_pkg/hook/pythonpath.sh'
[3.047s] Level 1:colcon.colcon_core.environment:checking '/home/agilex/agilex_ws/src/tcp_communications_pkg/install/tcp_communications_pkg/bin'
[3.047s] Level 1:colcon.colcon_core.environment:create_environment_scripts_only(tcp_communications_pkg)
[3.049s] INFO:colcon.colcon_core.shell:Creating package script '/home/agilex/agilex_ws/src/tcp_communications_pkg/install/tcp_communications_pkg/share/tcp_communications_pkg/package.ps1'
[3.050s] INFO:colcon.colcon_core.shell:Creating package descriptor '/home/agilex/agilex_ws/src/tcp_communications_pkg/install/tcp_communications_pkg/share/tcp_communications_pkg/package.dsv'
[3.051s] INFO:colcon.colcon_core.shell:Creating package script '/home/agilex/agilex_ws/src/tcp_communications_pkg/install/tcp_communications_pkg/share/tcp_communications_pkg/package.sh'
[3.052s] INFO:colcon.colcon_core.shell:Creating package script '/home/agilex/agilex_ws/src/tcp_communications_pkg/install/tcp_communications_pkg/share/tcp_communications_pkg/package.bash'
[3.053s] INFO:colcon.colcon_core.shell:Creating package script '/home/agilex/agilex_ws/src/tcp_communications_pkg/install/tcp_communications_pkg/share/tcp_communications_pkg/package.zsh'
[3.054s] Level 1:colcon.colcon_core.environment:create_file_with_runtime_dependencies(/home/agilex/agilex_ws/src/tcp_communications_pkg/install/tcp_communications_pkg/share/colcon-core/packages/tcp_communications_pkg)
[3.054s] DEBUG:colcon.colcon_parallel_executor.executor.parallel:closing loop
[3.054s] DEBUG:colcon.colcon_parallel_executor.executor.parallel:loop closed
[3.055s] DEBUG:colcon.colcon_parallel_executor.executor.parallel:run_until_complete finished with '0'
[3.055s] DEBUG:colcon.colcon_core.event_reactor:joining thread
[3.064s] INFO:colcon.colcon_core.plugin_system:Skipping extension 'colcon_notification.desktop_notification.terminal_notifier': Not used on non-Darwin systems
[3.064s] INFO:colcon.colcon_core.plugin_system:Skipping extension 'colcon_notification.desktop_notification.win32': Not used on non-Windows systems
[3.065s] INFO:colcon.colcon_notification.desktop_notification:Sending desktop notification using 'notify2'
[3.081s] DEBUG:colcon.colcon_core.event_reactor:joined thread
[3.084s] INFO:colcon.colcon_core.shell:Creating prefix script '/home/agilex/agilex_ws/src/tcp_communications_pkg/install/local_setup.ps1'
[3.086s] INFO:colcon.colcon_core.shell:Creating prefix util module '/home/agilex/agilex_ws/src/tcp_communications_pkg/install/_local_setup_util_ps1.py'
[3.090s] INFO:colcon.colcon_core.shell:Creating prefix chain script '/home/agilex/agilex_ws/src/tcp_communications_pkg/install/setup.ps1'
[3.098s] INFO:colcon.colcon_core.shell:Creating prefix script '/home/agilex/agilex_ws/src/tcp_communications_pkg/install/local_setup.sh'
[3.099s] INFO:colcon.colcon_core.shell:Creating prefix util module '/home/agilex/agilex_ws/src/tcp_communications_pkg/install/_local_setup_util_sh.py'
[3.101s] INFO:colcon.colcon_core.shell:Creating prefix chain script '/home/agilex/agilex_ws/src/tcp_communications_pkg/install/setup.sh'
[3.109s] INFO:colcon.colcon_core.shell:Creating prefix script '/home/agilex/agilex_ws/src/tcp_communications_pkg/install/local_setup.bash'
[3.110s] INFO:colcon.colcon_core.shell:Creating prefix chain script '/home/agilex/agilex_ws/src/tcp_communications_pkg/install/setup.bash'
[3.118s] INFO:colcon.colcon_core.shell:Creating prefix script '/home/agilex/agilex_ws/src/tcp_communications_pkg/install/local_setup.zsh'
[3.119s] INFO:colcon.colcon_core.shell:Creating prefix chain script '/home/agilex/agilex_ws/src/tcp_communications_pkg/install/setup.zsh'
